<?xml version="1.0" encoding="UTF-8"?>
<testsuite xmlns:xsi="http://www.w3.org/2001/XMLSchema-instance" xsi:noNamespaceSchemaLocation="https://maven.apache.org/surefire/maven-surefire-plugin/xsd/surefire-test-report-3.0.xsd" version="3.0" name="runners.TestRunner" time="10.486" tests="2" errors="0" skipped="0" failures="0">
  <properties>
[...]
</properties>
  <testcase name="Authorized user is able to retrieve the promotion details" classname="E2E Test cases to validate all the promotions details and" time="5.991">
    <system-out><![CDATA[
@validatePromotionDetails
Scenario: Authorized user is able to retrieve the promotion details # src/test/resources/ftusecase/E2E.feature:7
  Given I launch the promotion endpoint                             # stepDefinitions.stepDefinitions.i_launch_the_promotion_endpoint()
Response is : 200
  When I authenticate the user using valid apikey                   # stepDefinitions.stepDefinitions.i_authenticate_the_user_using_valid_apikey()
  Then I retrieve the promotion details                             # stepDefinitions.stepDefinitions.i_retrieve_the_promotion_details()
  And I validate the response status                                # stepDefinitions.stepDefinitions.i_validate_the_response_status()
Sabe movie
  And I validate the promotion details                              # stepDefinitions.stepDefinitions.i_validate_the_promotion_details()
]]></system-out>
  </testcase>
  <testcase name="UnAuthorized user is not able to retrieve the promotion details" classname="E2E Test cases to validate all the promotions details and" time="0.458">
    <system-out><![CDATA[
@InvalidAPIRequest
Scenario: UnAuthorized user is not able to retrieve the promotion details # src/test/resources/ftusecase/E2E.feature:16
  Given I launch the promotion endpoint                                   # stepDefinitions.stepDefinitions.i_launch_the_promotion_endpoint()
Response is : 403
  When I pass the invalid apikey                                          # stepDefinitions.stepDefinitions.i_pass_the_invalid_apikey()
  And I validate the response status as 403                               # stepDefinitions.stepDefinitions.i_validate_the_response_status_as(java.lang.Integer)
  And I validate the Error message                                        # stepDefinitions.stepDefinitions.i_validate_the_error_message()
]]></system-out>
  </testcase>
</testsuite>